[0m15:57:49.536169 [debug] [MainThread]: Sending event: {'category': 'dbt', 'action': 'invocation', 'label': 'start', 'context': [<snowplow_tracker.self_describing_json.SelfDescribingJson object at 0x7fe2462d1820>, <snowplow_tracker.self_describing_json.SelfDescribingJson object at 0x7fe245d3db50>, <snowplow_tracker.self_describing_json.SelfDescribingJson object at 0x7fe246687ca0>]}


============================== 15:57:49.555025 | e230ea40-10a4-4329-addc-a2c48fab802e ==============================
[0m15:57:49.555025 [info ] [MainThread]: Running with dbt=1.8.3
[0m15:57:49.557048 [debug] [MainThread]: running dbt with arguments {'printer_width': '80', 'indirect_selection': 'eager', 'write_json': 'True', 'log_cache_events': 'False', 'partial_parse': 'True', 'cache_selected_only': 'False', 'warn_error': 'None', 'debug': 'False', 'fail_fast': 'False', 'log_path': 'logs', 'profiles_dir': '/root/.dbt', 'version_check': 'True', 'use_colors': 'True', 'use_experimental_parser': 'False', 'empty': 'None', 'quiet': 'False', 'no_print': 'None', 'warn_error_options': 'WarnErrorOptions(include=[], exclude=[])', 'introspect': 'True', 'static_parser': 'True', 'log_format': 'default', 'target_path': 'None', 'invocation_command': 'dbt init analytics_dbt', 'send_anonymous_usage_stats': 'True'}
[0m15:57:49.644036 [warn ] [MainThread]: [ConfigFolderDirectory]: Unable to parse dict {'dir': PosixPath('/root/.dbt')}
[0m15:57:49.654415 [info ] [MainThread]: Creating dbt configuration folder at 
[0m15:57:49.677711 [debug] [MainThread]: Starter project path: /usr/local/lib/python3.8/dist-packages/dbt/include/starter_project
[0m15:57:50.009619 [info ] [MainThread]: 
Your new dbt project "analytics_dbt" was created!

For more information on how to configure the profiles.yml file,
please consult the dbt documentation here:

  https://docs.getdbt.com/docs/configure-your-profile

One more thing:

Need help? Don't hesitate to reach out to us via GitHub issues or on Slack:

  https://community.getdbt.com/

Happy modeling!

[0m15:57:50.011349 [info ] [MainThread]: Setting up your profile.
[0m15:58:59.498893 [debug] [MainThread]: Redshift adapter: Setting redshift_connector to ERROR
[0m15:58:59.500913 [debug] [MainThread]: Redshift adapter: Setting redshift_connector.core to ERROR
[0m16:00:45.132668 [info ] [MainThread]: Profile analytics_dbt written to /root/.dbt/profiles.yml using target's profile_template.yml and your supplied values. Run 'dbt debug' to validate the connection.
[0m16:00:45.138178 [debug] [MainThread]: Resource report: {"command_name": "init", "command_success": true, "command_wall_clock_time": 175.90697, "process_user_time": 4.570211, "process_kernel_time": 0.859093, "process_mem_max_rss": "98192", "process_in_blocks": "2600", "process_out_blocks": "88"}
[0m16:00:45.139946 [debug] [MainThread]: Command `dbt init` succeeded at 16:00:45.139569 after 175.91 seconds
[0m16:00:45.141365 [debug] [MainThread]: Sending event: {'category': 'dbt', 'action': 'invocation', 'label': 'end', 'context': [<snowplow_tracker.self_describing_json.SelfDescribingJson object at 0x7fe2462d1820>, <snowplow_tracker.self_describing_json.SelfDescribingJson object at 0x7fe246652a30>, <snowplow_tracker.self_describing_json.SelfDescribingJson object at 0x7fe242a8c5e0>]}
[0m16:00:45.143483 [debug] [MainThread]: Flushing usage events
[0m16:00:50.652551 [debug] [MainThread]: Error sending anonymous usage statistics. Disabling tracking for this execution. If you wish to permanently disable tracking, see: https://docs.getdbt.com/reference/global-configs#send-anonymous-usage-stats.
[0m16:02:16.227487 [debug] [MainThread]: Sending event: {'category': 'dbt', 'action': 'invocation', 'label': 'start', 'context': [<snowplow_tracker.self_describing_json.SelfDescribingJson object at 0x7f1a11c1c7f0>, <snowplow_tracker.self_describing_json.SelfDescribingJson object at 0x7f1a10f89dc0>, <snowplow_tracker.self_describing_json.SelfDescribingJson object at 0x7f1a10241520>]}


============================== 16:02:16.233500 | 336bb44f-e9eb-4985-a2ef-81127d7eb970 ==============================
[0m16:02:16.233500 [info ] [MainThread]: Running with dbt=1.8.3
[0m16:02:16.235314 [debug] [MainThread]: running dbt with arguments {'printer_width': '80', 'indirect_selection': 'eager', 'log_cache_events': 'False', 'write_json': 'True', 'partial_parse': 'True', 'cache_selected_only': 'False', 'warn_error': 'None', 'version_check': 'True', 'debug': 'False', 'log_path': 'logs', 'fail_fast': 'False', 'profiles_dir': '/root/.dbt', 'use_colors': 'True', 'use_experimental_parser': 'False', 'empty': 'None', 'quiet': 'False', 'no_print': 'None', 'log_format': 'default', 'invocation_command': 'dbt debug', 'warn_error_options': 'WarnErrorOptions(include=[], exclude=[])', 'static_parser': 'True', 'target_path': 'None', 'introspect': 'True', 'send_anonymous_usage_stats': 'True'}
[0m16:02:16.271748 [info ] [MainThread]: dbt version: 1.8.3
[0m16:02:16.276637 [info ] [MainThread]: python version: 3.8.10
[0m16:02:16.279139 [info ] [MainThread]: python path: /usr/bin/python3
[0m16:02:16.280162 [info ] [MainThread]: os info: Linux-5.15.153.1-microsoft-standard-WSL2-x86_64-with-glibc2.29
[0m16:02:16.519007 [debug] [MainThread]: Redshift adapter: Setting redshift_connector to ERROR
[0m16:02:16.520077 [debug] [MainThread]: Redshift adapter: Setting redshift_connector.core to ERROR
[0m16:02:16.669712 [info ] [MainThread]: Using profiles dir at /root/.dbt
[0m16:02:16.670858 [info ] [MainThread]: Using profiles.yml file at /root/.dbt/profiles.yml
[0m16:02:16.672360 [info ] [MainThread]: Using dbt_project.yml file at /usr/app/dbt_project.yml
[0m16:02:16.674586 [info ] [MainThread]: adapter type: redshift
[0m16:02:16.676583 [info ] [MainThread]: adapter version: 1.8.1
[0m16:02:16.678598 [info ] [MainThread]: Configuration:
[0m16:02:16.686651 [info ] [MainThread]:   profiles.yml file [[32mOK found and valid[0m]
[0m16:02:16.688179 [info ] [MainThread]:   dbt_project.yml file [[31mERROR not found[0m]
[0m16:02:16.689769 [info ] [MainThread]: Required dependencies:
[0m16:02:16.691380 [debug] [MainThread]: Executing "git --help"
[0m16:02:16.758405 [debug] [MainThread]: STDOUT: "b"usage: git [--version] [--help] [-C <path>] [-c <name>=<value>]\n           [--exec-path[=<path>]] [--html-path] [--man-path] [--info-path]\n           [-p | --paginate | -P | --no-pager] [--no-replace-objects] [--bare]\n           [--git-dir=<path>] [--work-tree=<path>] [--namespace=<name>]\n           <command> [<args>]\n\nThese are common Git commands used in various situations:\n\nstart a working area (see also: git help tutorial)\n   clone             Clone a repository into a new directory\n   init              Create an empty Git repository or reinitialize an existing one\n\nwork on the current change (see also: git help everyday)\n   add               Add file contents to the index\n   mv                Move or rename a file, a directory, or a symlink\n   restore           Restore working tree files\n   rm                Remove files from the working tree and from the index\n   sparse-checkout   Initialize and modify the sparse-checkout\n\nexamine the history and state (see also: git help revisions)\n   bisect            Use binary search to find the commit that introduced a bug\n   diff              Show changes between commits, commit and working tree, etc\n   grep              Print lines matching a pattern\n   log               Show commit logs\n   show              Show various types of objects\n   status            Show the working tree status\n\ngrow, mark and tweak your common history\n   branch            List, create, or delete branches\n   commit            Record changes to the repository\n   merge             Join two or more development histories together\n   rebase            Reapply commits on top of another base tip\n   reset             Reset current HEAD to the specified state\n   switch            Switch branches\n   tag               Create, list, delete or verify a tag object signed with GPG\n\ncollaborate (see also: git help workflows)\n   fetch             Download objects and refs from another repository\n   pull              Fetch from and integrate with another repository or a local branch\n   push              Update remote refs along with associated objects\n\n'git help -a' and 'git help -g' list available subcommands and some\nconcept guides. See 'git help <command>' or 'git help <concept>'\nto read about a specific subcommand or concept.\nSee 'git help git' for an overview of the system.\n""
[0m16:02:16.762344 [debug] [MainThread]: STDERR: "b''"
[0m16:02:16.763518 [info ] [MainThread]:  - git [[32mOK found[0m]

[0m16:02:16.765008 [info ] [MainThread]: Connection:
[0m16:02:16.767218 [info ] [MainThread]:   host: redshift-cluster.cm4clj5ybouu.us-east-2.redshift.amazonaws.com
[0m16:02:16.769328 [info ] [MainThread]:   user: leonardo.melo
[0m16:02:16.771297 [info ] [MainThread]:   port: 5439
[0m16:02:16.773122 [info ] [MainThread]:   database: dev
[0m16:02:16.775169 [info ] [MainThread]:   method: database
[0m16:02:16.776922 [info ] [MainThread]:   cluster_id: None
[0m16:02:16.779743 [info ] [MainThread]:   iam_profile: None
[0m16:02:16.781178 [info ] [MainThread]:   schema: public
[0m16:02:16.786547 [info ] [MainThread]:   sslmode: prefer
[0m16:02:16.793154 [info ] [MainThread]:   region: None
[0m16:02:16.794970 [info ] [MainThread]:   sslmode: prefer
[0m16:02:16.796224 [info ] [MainThread]:   region: None
[0m16:02:16.797486 [info ] [MainThread]:   iam_profile: None
[0m16:02:16.799054 [info ] [MainThread]:   autocreate: False
[0m16:02:16.800522 [info ] [MainThread]:   db_groups: []
[0m16:02:16.802066 [info ] [MainThread]:   ra3_node: False
[0m16:02:16.813671 [info ] [MainThread]:   connect_timeout: None
[0m16:02:16.815416 [info ] [MainThread]:   role: None
[0m16:02:16.816712 [info ] [MainThread]:   retries: 1
[0m16:02:16.818001 [info ] [MainThread]:   autocommit: True
[0m16:02:16.820827 [info ] [MainThread]: Registered adapter: redshift=1.8.1
[0m16:02:16.842351 [debug] [MainThread]: Acquiring new redshift connection 'debug'
[0m16:02:16.877208 [debug] [MainThread]: Using redshift connection "debug"
[0m16:02:16.880496 [debug] [MainThread]: On debug: select 1 as id
[0m16:02:16.882892 [debug] [MainThread]: Opening a new connection, currently in state init
[0m16:02:16.908057 [debug] [MainThread]: Redshift adapter: Establishing connection using ssl with `sslmode` set to 'prefer'.To connect without ssl, set `sslmode` to 'disable'.
[0m16:02:16.919421 [debug] [MainThread]: Redshift adapter: Connecting to redshift with username/password based auth...
[0m16:02:18.753546 [debug] [MainThread]: SQL status: SUCCESS in 1.871 seconds
[0m16:02:18.756734 [debug] [MainThread]: On debug: Close
[0m16:02:18.758016 [info ] [MainThread]:   Connection test: [[32mOK connection ok[0m]

[0m16:02:18.759299 [info ] [MainThread]: [31m1 check failed:[0m
[0m16:02:18.760573 [info ] [MainThread]: Project loading failed for the following reason:
 project path </usr/app/dbt_project.yml> not found

[0m16:02:18.763220 [debug] [MainThread]: Resource report: {"command_name": "debug", "command_wall_clock_time": 2.699345, "process_user_time": 3.894467, "process_kernel_time": 0.459347, "process_mem_max_rss": "100464", "process_in_blocks": "48", "process_out_blocks": "32", "command_success": false}
[0m16:02:18.765900 [debug] [MainThread]: Command `dbt debug` failed at 16:02:18.765123 after 2.70 seconds
[0m16:02:18.767919 [debug] [MainThread]: Connection 'debug' was properly closed.
[0m16:02:18.769658 [debug] [MainThread]: Sending event: {'category': 'dbt', 'action': 'invocation', 'label': 'end', 'context': [<snowplow_tracker.self_describing_json.SelfDescribingJson object at 0x7f1a11c1c7f0>, <snowplow_tracker.self_describing_json.SelfDescribingJson object at 0x7f1a0e39f460>, <snowplow_tracker.self_describing_json.SelfDescribingJson object at 0x7f1a0e3513d0>]}
[0m16:02:18.772138 [debug] [MainThread]: Flushing usage events
